[2015-03-10 12:33:54] START
[2015-03-10 12:34:08] EDIT containerservices/controllers/default.py: 1
[2015-03-10 12:34:51] EDIT containerservices/controllers/default.py: 0
[2015-03-10 12:37:09] EDIT containerservices/controllers/default.py: -5
[2015-03-10 12:38:07] EDIT containerservices/controllers/default.py: 0
[2015-03-10 11:57:37] EDIT containerservices/controllers/default.py: 0
[2015-03-10 11:58:10] EDIT containerservices/controllers/default.py: 0
[2015-03-10 12:01:17] EDIT containerservices/controllers/default.py: 0
[2015-03-10 12:01:57] EDIT containerservices/controllers/default.py: 0
[2015-03-10 12:02:19] EDIT containerservices/controllers/default.py: 1
[2015-03-10 12:02:31] EDIT containerservices/controllers/default.py: -1
[2015-03-10 12:02:49] EDIT containerservices/controllers/default.py: 0
[2015-03-10 12:04:07] EDIT containerservices/controllers/default.py: 0
[2015-03-10 12:05:59] EDIT containerservices/controllers/default.py: 1
[2015-03-10 12:46:36] EDIT containerservices/controllers/default.py: -1
[2015-03-10 12:47:21] EDIT containerservices/controllers/default.py: 0
[2015-03-10 12:47:35] EDIT containerservices/controllers/default.py: 0
[2015-03-10 12:49:12] EDIT containerservices/controllers/default.py: 0
[2015-03-10 12:49:26] EDIT containerservices/controllers/default.py: 1
[2015-03-10 12:49:44] EDIT containerservices/controllers/default.py: 0
[2015-03-10 12:50:20] EDIT containerservices/controllers/default.py: 0
[2015-03-10 12:50:54] EDIT containerservices/controllers/default.py: 0
[2015-03-10 12:54:16] EDIT containerservices/controllers/default.py: 0
[2015-03-10 13:43:05] EDIT containerservices/controllers/default.py: -1
[2015-03-10 13:46:21] EDIT containerservices/controllers/default.py: 0
[2015-03-10 13:47:02] EDIT containerservices/controllers/default.py: 0
[2015-03-10 13:47:35] EDIT containerservices/controllers/default.py: 0
[2015-03-10 13:47:54] EDIT containerservices/controllers/default.py: 0
[2015-03-10 13:48:42] EDIT containerservices/controllers/default.py: 0
[2015-03-10 13:49:35] EDIT containerservices/controllers/default.py: 0
[2015-03-10 13:49:50] EDIT containerservices/controllers/default.py: 1
[2015-03-10 13:50:23] EDIT containerservices/controllers/default.py: 2
[2015-03-10 13:50:42] EDIT containerservices/controllers/default.py: 0
[2015-03-10 13:51:08] EDIT containerservices/controllers/default.py: 0
[2015-03-10 13:52:25] EDIT containerservices/controllers/default.py: 2
[2015-03-10 13:53:19] CREATE ecs.py: 0
[2015-03-10 13:55:17] EDIT containerservices/models/ecs.py: 6
[2015-03-10 13:55:41] EDIT containerservices/controllers/default.py: 2
[2015-03-10 13:56:37] EDIT containerservices/models/ecs.py: 0
[2015-03-10 13:58:15] EDIT containerservices/controllers/default.py: 3
[2015-03-10 13:59:03] EDIT containerservices/controllers/default.py: -1
[2015-03-10 13:59:21] EDIT containerservices/controllers/default.py: -1
[2015-03-10 13:59:56] EDIT containerservices/controllers/default.py: 1
[2015-03-10 14:00:35] EDIT containerservices/controllers/default.py: 0
[2015-03-10 14:00:41] EDIT containerservices/controllers/default.py: 0
[2015-03-10 14:02:37] EDIT containerservices/controllers/default.py: 0
[2015-03-10 14:02:42] EDIT containerservices/controllers/default.py: 0
[2015-03-10 14:03:02] EDIT containerservices/controllers/default.py: 0
[2015-03-10 14:04:00] EDIT containerservices/controllers/default.py: 0
[2015-03-10 14:05:03] EDIT containerservices/controllers/default.py: 0
[2015-03-10 14:05:15] EDIT containerservices/controllers/default.py: 0
[2015-03-10 14:05:32] EDIT containerservices/controllers/default.py: -1
[2015-03-10 14:07:26] EDIT containerservices/controllers/default.py: 0
[2015-03-10 14:07:56] EDIT containerservices/controllers/default.py: 0
[2015-03-10 14:08:46] EDIT containerservices/controllers/default.py: 1
[2015-03-10 14:09:14] EDIT containerservices/controllers/default.py: 0
[2015-03-10 14:09:41] EDIT containerservices/controllers/default.py: 0
[2015-03-10 14:10:33] EDIT containerservices/controllers/default.py: 0
[2015-03-10 14:11:16] EDIT containerservices/controllers/default.py: 1
[2015-03-10 14:11:45] EDIT containerservices/models/ecs.py: 2
[2015-03-10 14:18:19] EDIT containerservices/controllers/default.py: 2
[2015-03-10 14:18:56] EDIT containerservices/controllers/default.py: 0
[2015-03-10 15:49:23] EDIT containerservices/controllers/default.py: 0
[2015-03-10 15:50:27] EDIT containerservices/controllers/default.py: 0
[2015-03-10 15:51:26] EDIT containerservices/controllers/default.py: 1
[2015-03-10 15:52:24] EDIT containerservices/controllers/default.py: 0
[2015-03-10 15:52:49] EDIT containerservices/controllers/default.py: 0
[2015-03-10 16:04:06] EDIT containerservices/models/ecs.py: 10
[2015-03-10 16:04:08] EDIT containerservices/models/ecs.py: 0
[2015-03-10 16:08:13] EDIT containerservices/models/ecs.py: 1
[2015-03-10 16:08:34] EDIT containerservices/models/ecs.py: 1
[2015-03-10 16:11:34] EDIT containerservices/controllers/default.py: 1
[2015-03-10 16:20:31] EDIT containerservices/controllers/default.py: 5
[2015-03-10 16:21:20] EDIT containerservices/controllers/default.py: 1
[2015-03-10 16:22:51] EDIT containerservices/controllers/default.py: 0
[2015-03-10 16:23:14] EDIT containerservices/controllers/default.py: 1
[2015-03-10 16:23:56] EDIT containerservices/controllers/default.py: -1
[2015-03-10 16:25:45] EDIT containerservices/controllers/default.py: 1
[2015-03-10 16:34:08] EDIT containerservices/controllers/default.py: 1
[2015-03-10 16:34:42] EDIT containerservices/controllers/default.py: 2
[2015-03-10 16:37:15] EDIT containerservices/controllers/default.py: 6
[2015-03-10 16:37:35] EDIT containerservices/controllers/default.py: 0
[2015-03-10 16:37:42] EDIT containerservices/controllers/default.py: 0
[2015-03-10 16:39:15] EDIT containerservices/controllers/default.py: 10
[2015-03-10 16:40:03] EDIT containerservices/controllers/default.py: 0
[2015-03-10 16:40:35] EDIT containerservices/controllers/default.py: 0
[2015-03-10 20:02:33] CREATE tester.html: 0
[2015-03-10 20:03:36] EDIT containerservices/views/default/index.html: -23
[2015-03-10 20:04:22] EDIT containerservices/views/default/index.html: -2
[2015-03-10 20:04:59] EDIT containerservices/views/default/index.html: -3
[2015-03-10 20:05:45] EDIT containerservices/models/ecs.py: 1
[2015-03-10 20:06:01] EDIT containerservices/models/ecs.py: 0
[2015-03-10 20:06:31] EDIT containerservices/controllers/default.py: 0
[2015-03-10 20:10:07] EDIT containerservices/views/tester.html: 201
[2015-03-10 20:10:24] EDIT containerservices/views/default/index.html: 201
[2015-03-10 20:13:25] EDIT containerservices/views/default/index.html: 5
[2015-03-10 20:13:44] EDIT containerservices/views/default/index.html: 0
[2015-03-10 20:14:51] EDIT containerservices/views/default/index.html: 1
[2015-03-10 20:15:30] EDIT containerservices/views/default/index.html: 0
[2015-03-10 20:17:01] EDIT containerservices/views/default/index.html: 3
[2015-03-10 20:17:46] EDIT containerservices/views/default/index.html: -1
[2015-03-10 20:20:06] EDIT containerservices/controllers/default.py: 0
[2015-03-10 20:21:57] EDIT containerservices/controllers/default.py: 2
[2015-03-10 20:22:56] EDIT containerservices/views/default/index.html: 0
[2015-03-10 20:25:25] EDIT containerservices/controllers/default.py: 1
[2015-03-10 20:26:36] EDIT containerservices/controllers/default.py: 1
[2015-03-10 20:28:05] EDIT containerservices/controllers/default.py: 1
[2015-03-10 20:28:34] EDIT containerservices/controllers/default.py: 0
[2015-03-11 20:22:19] EDIT containerservices/models/ecs.py: 13
[2015-03-11 20:22:28] EDIT containerservices/models/ecs.py: 1
[2015-03-11 20:25:36] EDIT containerservices/models/ecs.py: 0
[2015-03-11 20:30:13] EDIT containerservices/controllers/default.py: 3
[2015-03-11 20:30:45] EDIT containerservices/controllers/default.py: 0
[2015-03-11 20:32:10] EDIT containerservices/controllers/default.py: 0
[2015-03-11 20:32:40] EDIT containerservices/controllers/default.py: 0
[2015-03-11 20:47:20] EDIT containerservices/models/ecs.py: 3
[2015-03-11 20:48:46] EDIT containerservices/models/ecs.py: 0
[2015-03-11 20:57:03] EDIT containerservices/controllers/default.py: 2
[2015-03-11 20:57:33] EDIT containerservices/models/ecs.py: 0
[2015-03-11 20:57:51] EDIT containerservices/controllers/default.py: 1
[2015-03-11 21:07:59] EDIT containerservices/models/ecs.py: 4
[2015-03-11 21:08:49] EDIT containerservices/controllers/default.py: 3
[2015-03-11 21:09:32] EDIT containerservices/controllers/default.py: 1
[2015-03-11 21:10:32] EDIT containerservices/controllers/default.py: 0
[2015-03-12 00:06:37] EDIT containerservices/controllers/default.py: 1
[2015-03-12 00:07:37] EDIT containerservices/controllers/default.py: 0
[2015-03-12 00:14:07] EDIT containerservices/controllers/default.py: 1
[2015-03-12 01:32:55] EDIT containerservices/controllers/default.py: 0
[2015-03-12 12:10:52] EDIT containerservices/models/ecs.py: 0
[2015-03-12 12:21:12] EDIT containerservices/models/ecs.py: 2
[2015-03-12 12:29:26] EDIT containerservices/models/ecs.py: 4
[2015-03-12 12:31:29] EDIT containerservices/models/ecs.py: 3
[2015-03-12 12:31:38] EDIT containerservices/models/ecs.py: 1
[2015-03-12 12:32:33] EDIT containerservices/controllers/default.py: 3
[2015-03-12 12:33:04] EDIT containerservices/models/ecs.py: 0
[2015-03-12 12:33:47] EDIT containerservices/models/ecs.py: 0
[2015-03-12 12:35:11] EDIT containerservices/models/ecs.py: 0
[2015-03-12 12:36:25] EDIT containerservices/models/ecs.py: 4
[2015-03-12 12:36:33] EDIT containerservices/models/ecs.py: 0
[2015-03-12 12:39:06] EDIT containerservices/models/ecs.py: 0
[2015-03-12 12:39:10] EDIT containerservices/models/ecs.py: 0
[2015-03-12 12:39:54] EDIT containerservices/models/ecs.py: 0
[2015-03-12 12:40:43] EDIT containerservices/models/ecs.py: 0
[2015-03-12 12:42:30] EDIT containerservices/models/ecs.py: 0
[2015-03-12 12:44:35] EDIT containerservices/models/ecs.py: 0
[2015-03-12 12:44:50] EDIT containerservices/models/ecs.py: 0
[2015-03-12 12:46:56] EDIT containerservices/controllers/default.py: 6
[2015-03-12 12:50:45] EDIT containerservices/models/ecs.py: 0
[2015-03-12 12:52:00] EDIT containerservices/controllers/default.py: 6
[2015-03-12 12:52:50] EDIT containerservices/controllers/default.py: 0
[2015-03-12 12:53:08] EDIT containerservices/controllers/default.py: 0
[2015-03-12 12:53:29] EDIT containerservices/controllers/default.py: 0
[2015-03-12 12:54:38] EDIT containerservices/controllers/default.py: 0
[2015-03-12 12:57:07] EDIT containerservices/models/ecs.py: 2
[2015-03-12 13:00:10] EDIT containerservices/models/ecs.py: 0
[2015-03-12 13:00:16] EDIT containerservices/models/ecs.py: 2
[2015-03-12 13:02:34] EDIT containerservices/models/ecs.py: -1
[2015-03-12 13:03:11] EDIT containerservices/models/ecs.py: 1
[2015-03-12 13:03:22] EDIT containerservices/models/ecs.py: 1
[2015-03-12 13:03:50] EDIT containerservices/models/ecs.py: 0
[2015-03-12 13:04:34] EDIT containerservices/models/ecs.py: 0
[2015-03-12 13:05:10] EDIT containerservices/models/ecs.py: 0
[2015-03-12 13:05:41] EDIT containerservices/models/ecs.py: 0
[2015-03-12 13:05:41] EDIT containerservices/models/ecs.py: 0
[2015-03-12 13:08:19] EDIT containerservices/models/ecs.py: 0
[2015-03-12 13:19:31] EDIT containerservices/models/ecs.py: 0
[2015-03-12 13:19:37] EDIT containerservices/models/ecs.py: 1
[2015-03-12 13:23:24] EDIT containerservices/models/ecs.py: 7
[2015-03-12 13:23:42] EDIT containerservices/models/ecs.py: 0
[2015-03-12 13:24:07] EDIT containerservices/models/ecs.py: 0
[2015-03-12 13:24:47] EDIT containerservices/models/ecs.py: 1
[2015-03-12 13:28:40] EDIT containerservices/models/ecs.py: 9
[2015-03-12 13:28:52] EDIT containerservices/models/ecs.py: 0
[2015-03-12 13:29:13] EDIT containerservices/models/ecs.py: 0
[2015-03-12 13:29:36] EDIT containerservices/models/ecs.py: 0
[2015-03-12 13:30:23] EDIT containerservices/controllers/default.py: 0
[2015-03-12 13:31:56] EDIT containerservices/models/ecs.py: 1
[2015-03-12 13:32:38] EDIT containerservices/models/ecs.py: 0
[2015-03-12 14:25:38] EDIT containerservices/controllers/default.py: 3
[2015-03-12 14:28:17] EDIT containerservices/controllers/default.py: 4
[2015-03-12 14:28:28] EDIT containerservices/controllers/default.py: 0
[2015-03-12 14:28:52] EDIT containerservices/controllers/default.py: 1
[2015-03-12 14:29:49] EDIT containerservices/controllers/default.py: 0
[2015-03-12 14:29:49] EDIT containerservices/controllers/default.py: 0
[2015-03-12 14:29:54] EDIT containerservices/controllers/default.py: 0
[2015-03-12 14:29:55] EDIT containerservices/controllers/default.py: 0
[2015-03-12 14:31:47] EDIT containerservices/controllers/default.py: 0
[2015-03-12 14:34:53] EDIT containerservices/controllers/default.py: 5
[2015-03-12 14:34:57] EDIT containerservices/controllers/default.py: 0
[2015-03-12 14:36:51] EDIT containerservices/controllers/default.py: 3
[2015-03-12 14:43:53] EDIT containerservices/controllers/default.py: 2
[2015-03-15 01:46:59] EDIT containerservices/models/db.py: 5
[2015-03-15 01:47:26] EDIT containerservices/models/db.py: 0
[2015-03-15 01:47:57] EDIT containerservices/models/db.py: 0
[2015-03-15 01:49:33] EDIT containerservices/controllers/default.py: 3
[2015-03-15 01:53:00] EDIT containerservices/models/db.py: 1
[2015-03-15 02:00:31] EDIT containerservices/controllers/default.py: 10
[2015-03-15 02:00:48] EDIT containerservices/controllers/default.py: 1
[2015-03-15 02:01:36] EDIT containerservices/models/db.py: 1
[2015-03-15 02:03:18] EDIT containerservices/controllers/default.py: 0
[2015-03-15 02:03:29] EDIT containerservices/controllers/default.py: 0
[2015-03-15 02:03:48] EDIT containerservices/controllers/default.py: 0
[2015-03-15 02:05:18] EDIT containerservices/controllers/default.py: 0
[2015-03-15 02:06:14] EDIT containerservices/controllers/default.py: 1
[2015-03-15 02:08:15] EDIT containerservices/controllers/default.py: 3
[2015-03-15 02:08:27] EDIT containerservices/controllers/default.py: 1
[2015-03-15 02:11:14] EDIT containerservices/controllers/default.py: 0
[2015-03-15 02:11:54] EDIT containerservices/controllers/default.py: 3
[2015-03-15 02:13:08] EDIT containerservices/controllers/default.py: 1
[2015-03-15 02:13:40] EDIT containerservices/controllers/default.py: 1
[2015-03-15 02:29:24] EDIT containerservices/controllers/default.py: 0
[2015-03-15 02:30:12] EDIT containerservices/controllers/default.py: 3
[2015-03-15 02:31:17] EDIT containerservices/controllers/default.py: 0
[2015-03-15 02:33:34] EDIT containerservices/controllers/default.py: 0
[2015-03-15 02:34:08] EDIT containerservices/controllers/default.py: 0
[2015-03-15 02:42:27] EDIT containerservices/controllers/default.py: 1
[2015-03-15 02:43:23] EDIT containerservices/controllers/default.py: 0
[2015-03-15 02:47:53] EDIT containerservices/controllers/default.py: 0
[2015-03-15 02:48:16] EDIT containerservices/controllers/default.py: -1
[2015-03-15 02:50:28] EDIT containerservices/controllers/default.py: 0
[2015-03-15 02:50:46] EDIT containerservices/controllers/default.py: -1
[2015-03-15 02:50:52] EDIT containerservices/controllers/default.py: 0
[2015-03-15 02:55:21] EDIT containerservices/models/menu.py: 3
[2015-03-15 02:58:37] EDIT containerservices/models/menu.py: 4
[2015-03-15 02:59:59] EDIT containerservices/models/menu.py: 1
[2015-03-16 01:04:03] EDIT containerservices/controllers/default.py: 0
[2015-03-16 01:16:49] EDIT containerservices/controllers/default.py: 0
[2015-03-16 01:47:36] EDIT containerservices/controllers/default.py: 1
[2015-03-16 01:48:31] EDIT containerservices/controllers/default.py: 0
[2015-03-16 01:53:16] EDIT containerservices/controllers/default.py: 0
[2015-03-16 01:56:53] EDIT containerservices/controllers/default.py: 1
[2015-03-16 01:57:26] EDIT containerservices/controllers/default.py: 0
[2015-03-16 02:00:54] EDIT containerservices/controllers/default.py: 0
[2015-03-17 23:16:52] EDIT containerservices/controllers/default.py: 0
[2015-03-17 23:18:59] EDIT containerservices/controllers/default.py: 0
[2015-03-17 23:19:30] EDIT containerservices/controllers/default.py: 0
[2015-03-17 23:31:01] EDIT containerservices/models/ecs.py: 10
[2015-03-17 23:31:12] EDIT containerservices/models/ecs.py: 0
[2015-03-17 23:35:14] EDIT containerservices/models/ecs.py: 8
[2015-03-17 23:35:49] EDIT containerservices/models/ecs.py: 0
[2015-03-17 23:36:56] EDIT containerservices/models/ecs.py: 0
[2015-03-17 23:38:27] EDIT containerservices/controllers/default.py: 0
[2015-03-17 23:39:14] EDIT containerservices/controllers/default.py: 0
[2015-03-18 00:10:03] EDIT containerservices/controllers/default.py: 2
[2015-03-18 00:10:32] EDIT containerservices/controllers/default.py: 0
[2015-03-18 00:11:31] EDIT containerservices/controllers/default.py: 2
[2015-03-18 00:17:32] EDIT containerservices/controllers/default.py: 3
[2015-03-18 00:18:40] EDIT containerservices/controllers/default.py: 1
[2015-03-18 00:19:29] EDIT containerservices/controllers/default.py: 1
[2015-03-18 00:20:23] EDIT containerservices/controllers/default.py: 1
[2015-03-18 00:22:12] EDIT containerservices/controllers/default.py: 1
[2015-03-18 00:22:34] EDIT containerservices/controllers/default.py: 0
[2015-03-18 00:22:58] EDIT containerservices/controllers/default.py: 0
[2015-03-18 00:23:22] EDIT containerservices/controllers/default.py: 0
[2015-03-18 00:23:44] EDIT containerservices/controllers/default.py: 0
[2015-03-18 00:26:54] EDIT containerservices/controllers/default.py: 0
[2015-03-18 00:28:37] EDIT containerservices/controllers/default.py: 0
[2015-03-18 00:30:10] EDIT containerservices/controllers/default.py: 0
[2015-03-18 00:58:14] EDIT containerservices/controllers/default.py: 0
[2015-03-18 01:26:52] EDIT containerservices/controllers/default.py: 0
[2015-03-18 09:50:52] EDIT containerservices/controllers/default.py: 0
[2015-03-18 09:52:46] EDIT containerservices/controllers/default.py: 0
[2015-03-18 10:10:50] EDIT containerservices/controllers/default.py: 0
[2015-03-18 10:37:05] EDIT containerservices/controllers/default.py: -6
[2015-04-02 20:31:37] EDIT containerservices/controllers/default.py: 2
[2015-04-02 20:34:33] EDIT containerservices/controllers/default.py: 0
[2015-04-02 20:35:10] EDIT containerservices/controllers/default.py: 0
[2015-04-02 20:35:22] EDIT containerservices/controllers/default.py: 0
[2015-04-02 20:43:37] EDIT containerservices/controllers/default.py: 0
[2015-04-02 20:45:13] EDIT containerservices/controllers/default.py: 0
